# JRE version: Java(TM) SE Runtime Environment (8.0_112-b15) (build 1.8.0_112-b15)
# Java VM: Java HotSpot(TM) 64-Bit Server VM (25.112-b15 mixed mode windows-amd64 compressed oops)
Heap:
 PSYoungGen      total 54784K, used 5564K [0x0000000783000000, 0x0000000789b00000, 0x00000007c0000000)
  eden space 47104K, 11% used [0x0000000783000000,0x000000078356f2e0,0x0000000785e00000)
  from space 7680K, 0% used [0x0000000786580000,0x0000000786580000,0x0000000786d00000)
  to   space 7680K, 0% used [0x0000000785e00000,0x0000000785e00000,0x0000000786580000)
 ParOldGen       total 93184K, used 16202K [0x0000000709000000, 0x000000070eb00000, 0x0000000783000000)
  object space 93184K, 17% used [0x0000000709000000,0x0000000709fd2970,0x000000070eb00000)
 Metaspace       used 21932K, capacity 22662K, committed 22784K, reserved 1069056K
  class space    used 2872K, capacity 3051K, committed 3072K, reserved 1048576K
GC Heap History (6 events):
Event: 2.436 GC heap before
{Heap before GC invocations=1 (full 0):
 PSYoungGen      total 54784K, used 43263K [0x0000000783000000, 0x0000000786d00000, 0x00000007c0000000)
  eden space 47104K, 91% used [0x0000000783000000,0x0000000785a3ff10,0x0000000785e00000)
  from space 7680K, 0% used [0x0000000786580000,0x0000000786580000,0x0000000786d00000)
  to   space 7680K, 0% used [0x0000000785e00000,0x0000000785e00000,0x0000000786580000)
 ParOldGen       total 125952K, used 0K [0x0000000709000000, 0x0000000710b00000, 0x0000000783000000)
  object space 125952K, 0% used [0x0000000709000000,0x0000000709000000,0x0000000710b00000)
 Metaspace       used 20488K, capacity 21166K, committed 21296K, reserved 1067008K
  class space    used 2689K, capacity 2863K, committed 2944K, reserved 1048576K
Event: 2.453 GC heap after
Heap after GC invocations=1 (full 0):
 PSYoungGen      total 54784K, used 7672K [0x0000000783000000, 0x0000000786d00000, 0x00000007c0000000)
  eden space 47104K, 0% used [0x0000000783000000,0x0000000783000000,0x0000000785e00000)
  from space 7680K, 99% used [0x0000000785e00000,0x000000078657e020,0x0000000786580000)
  to   space 7680K, 0% used [0x0000000786580000,0x0000000786580000,0x0000000786d00000)
 ParOldGen       total 125952K, used 11112K [0x0000000709000000, 0x0000000710b00000, 0x0000000783000000)
  object space 125952K, 8% used [0x0000000709000000,0x0000000709ada158,0x0000000710b00000)
 Metaspace       used 20488K, capacity 21166K, committed 21296K, reserved 1067008K
  class space    used 2689K, capacity 2863K, committed 2944K, reserved 1048576K
}
Event: 2.492 GC heap before
{Heap before GC invocations=2 (full 0):
 PSYoungGen      total 54784K, used 18047K [0x0000000783000000, 0x0000000786d00000, 0x00000007c0000000)
  eden space 47104K, 22% used [0x0000000783000000,0x0000000783a21fc0,0x0000000785e00000)
  from space 7680K, 99% used [0x0000000785e00000,0x000000078657e020,0x0000000786580000)
  to   space 7680K, 0% used [0x0000000786580000,0x0000000786580000,0x0000000786d00000)
 ParOldGen       total 125952K, used 11112K [0x0000000709000000, 0x0000000710b00000, 0x0000000783000000)
  object space 125952K, 8% used [0x0000000709000000,0x0000000709ada158,0x0000000710b00000)
 Metaspace       used 20559K, capacity 21188K, committed 21296K, reserved 1067008K
  class space    used 2697K, capacity 2868K, committed 2944K, reserved 1048576K
Event: 2.506 GC heap after
Heap after GC invocations=2 (full 0):
 PSYoungGen      total 54784K, used 7656K [0x0000000783000000, 0x0000000789b00000, 0x00000007c0000000)
  eden space 47104K, 0% used [0x0000000783000000,0x0000000783000000,0x0000000785e00000)
  from space 7680K, 99% used [0x0000000786580000,0x0000000786cfa010,0x0000000786d00000)
  to   space 7680K, 0% used [0x0000000785e00000,0x0000000785e00000,0x0000000786580000)
 ParOldGen       total 125952K, used 33956K [0x0000000709000000, 0x0000000710b00000, 0x0000000783000000)
  object space 125952K, 26% used [0x0000000709000000,0x000000070b1293a8,0x0000000710b00000)
 Metaspace       used 20559K, capacity 21188K, committed 21296K, reserved 1067008K
  class space    used 2697K, capacity 2868K, committed 2944K, reserved 1048576K
}
Event: 2.506 GC heap before
{Heap before GC invocations=3 (full 1):
 PSYoungGen      total 54784K, used 7656K [0x0000000783000000, 0x0000000789b00000, 0x00000007c0000000)
  eden space 47104K, 0% used [0x0000000783000000,0x0000000783000000,0x0000000785e00000)
  from space 7680K, 99% used [0x0000000786580000,0x0000000786cfa010,0x0000000786d00000)
  to   space 7680K, 0% used [0x0000000785e00000,0x0000000785e00000,0x0000000786580000)
 ParOldGen       total 125952K, used 33956K [0x0000000709000000, 0x0000000710b00000, 0x0000000783000000)
  object space 125952K, 26% used [0x0000000709000000,0x000000070b1293a8,0x0000000710b00000)
 Metaspace       used 20559K, capacity 21188K, committed 21296K, reserved 1067008K
  class space    used 2697K, capacity 2868K, committed 2944K, reserved 1048576K
Event: 2.536 GC heap after
Heap after GC invocations=3 (full 1):
 PSYoungGen      total 54784K, used 0K [0x0000000783000000, 0x0000000789b00000, 0x00000007c0000000)
  eden space 47104K, 0% used [0x0000000783000000,0x0000000783000000,0x0000000785e00000)
  from space 7680K, 0% used [0x0000000786580000,0x0000000786580000,0x0000000786d00000)
  to   space 7680K, 0% used [0x0000000785e00000,0x0000000785e00000,0x0000000786580000)
 ParOldGen       total 93184K, used 16202K [0x0000000709000000, 0x000000070eb00000, 0x0000000783000000)
  object space 93184K, 17% used [0x0000000709000000,0x0000000709fd2970,0x000000070eb00000)
 Metaspace       used 20559K, capacity 21188K, committed 21296K, reserved 1067008K
  class space    used 2697K, capacity 2868K, committed 2944K, reserved 1048576K
}

